#
# A fatal error has been detected by the Java Runtime Environment:
#
#  Internal Error (classfile/classLoader.hpp:129), pid=10276, tid=14324
#  Error: ShouldNotReachHere()
#
# JRE version: Java(TM) SE Runtime Environment (17.0.4.1+1) (build 17.0.4.1+1-LTS-2)
# Java VM: Java HotSpot(TM) 64-Bit Server VM (17.0.4.1+1-LTS-2, mixed mode, emulated-client, sharing, tiered, compressed oops, compressed class ptrs, g1 gc, windows-amd64)
# No core dump will be written. Minidumps are not enabled by default on client versions of Windows
#
# If you would like to submit a bug report, please visit:
#   https://bugreport.java.com/bugreport/crash.jsp
#

---------------  S U M M A R Y ------------

Command Line: -agentlib:jdwp=transport=dt_socket,address=127.0.0.1:62373,suspend=y,server=n -XX:TieredStopAtLevel=1 -Dspring.output.ansi.enabled=always -Dcom.sun.management.jmxremote -Dspring.jmx.enabled=true -Dspring.liveBeansView.mbeanDomain -Dspring.application.admin.enabled=true -javaagent:C:\Users\NEWUSE~1\AppData\Local\Temp\captureAgent15915jars\debugger-agent.jar -Dfile.encoding=UTF-8 com.example.springsecurityapplication.SpringSecurityApplication

Host: Intel(R) Core(TM) i5-2500K CPU @ 3.30GHz, 4 cores, 7G,  Windows 10 , 64 bit Build 19041 (10.0.19041.2251)
Time: Sun Dec  4 14:05:05 2022 RTZ 2 (s 10 , 64 bit Build 19041 (10.0.19041.2251) elapsed time: 2.430177 seconds (0d 0h 0m 2s)

---------------  T H R E A D  ---------------

Current thread (0x000001f5bc054d50):  JavaThread "Attach Listener" daemon [_thread_in_vm, id=14324, stack(0x000000421be00000,0x000000421bf00000)]

Stack: [0x000000421be00000,0x000000421bf00000]
Native frames: (J=compiled Java code, j=interpreted, Vv=VM code, C=native code)
V  [jvm.dll+0x6723ba]
V  [jvm.dll+0x7d1e34]
V  [jvm.dll+0x7d35de]
V  [jvm.dll+0x7d3bf7]
V  [jvm.dll+0x242fcc]
V  [jvm.dll+0x242f13]
V  [jvm.dll+0x1ed67a]
V  [jvm.dll+0x2bee20]
V  [jvm.dll+0x2c000c]
V  [jvm.dll+0x5387bd]
V  [jvm.dll+0x74c0c6]
V  [jvm.dll+0x74bd34]
V  [jvm.dll+0x74d152]
V  [jvm.dll+0x74d488]
V  [jvm.dll+0x23b4de]
V  [jvm.dll+0x37bb9e]
C  0x000001f5b1a35897

Java frames: (J=compiled Java code, j=interpreted, Vv=VM code)
j  jdk.internal.vm.VMSupport.serializePropertiesToByteArray(Ljava/util/Properties;)[B+0 java.base@17.0.4.1
j  jdk.internal.vm.VMSupport.serializeAgentPropertiesToByteArray()[B+3 java.base@17.0.4.1
v  ~StubRoutines::call_stub

---------------  P R O C E S S  ---------------

Threads class SMR info:
_java_thread_list=0x000001f5bcd22780, length=16, elements={
0x000001f5a898c3a0, 0x000001f5bc03b990, 0x000001f5bc03efb0, 0x000001f5bc051fd0,
0x000001f5bc054d50, 0x000001f5bc057ec0, 0x000001f5bc05e960, 0x000001f5bc083670,
0x000001f5bc088070, 0x000001f5bc05d150, 0x000001f5bcc94960, 0x000001f5bcc94e70,
0x000001f5bccd8660, 0x000001f5bcceec60, 0x000001f5bccf1160, 0x000001f5bc05be10
}

Java Threads: ( => current thread )
  0x000001f5a898c3a0 JavaThread "main" [_thread_in_vm, id=3320, stack(0x000000421b400000,0x000000421b500000)]
  0x000001f5bc03b990 JavaThread "Reference Handler" daemon [_thread_blocked, id=13336, stack(0x000000421bb00000,0x000000421bc00000)]
  0x000001f5bc03efb0 JavaThread "Finalizer" daemon [_thread_blocked, id=8172, stack(0x000000421bc00000,0x000000421bd00000)]
  0x000001f5bc051fd0 JavaThread "Signal Dispatcher" daemon [_thread_blocked, id=7064, stack(0x000000421bd00000,0x000000421be00000)]
=>0x000001f5bc054d50 JavaThread "Attach Listener" daemon [_thread_in_vm, id=14324, stack(0x000000421be00000,0x000000421bf00000)]
  0x000001f5bc057ec0 JavaThread "Service Thread" daemon [_thread_blocked, id=14128, stack(0x000000421bf00000,0x000000421c000000)]
  0x000001f5bc05e960 JavaThread "Monitor Deflation Thread" daemon [_thread_blocked, id=11664, stack(0x000000421c000000,0x000000421c100000)]
  0x000001f5bc083670 JavaThread "C1 CompilerThread0" daemon [_thread_blocked, id=8960, stack(0x000000421c100000,0x000000421c200000)]
  0x000001f5bc088070 JavaThread "Sweeper thread" daemon [_thread_blocked, id=13476, stack(0x000000421c200000,0x000000421c300000)]
  0x000001f5bc05d150 JavaThread "Common-Cleaner" daemon [_thread_blocked, id=13720, stack(0x000000421c300000,0x000000421c400000)]
  0x000001f5bcc94960 JavaThread "C1 CompilerThread1" daemon [_thread_blocked, id=13684, stack(0x000000421c400000,0x000000421c500000)]
  0x000001f5bcc94e70 JavaThread "C1 CompilerThread2" daemon [_thread_blocked, id=1156, stack(0x000000421c500000,0x000000421c600000)]
  0x000001f5bccd8660 JavaThread "JDWP Transport Listener: dt_socket" daemon [_thread_blocked, id=13856, stack(0x000000421c600000,0x000000421c700000)]
  0x000001f5bcceec60 JavaThread "JDWP Event Helper Thread" daemon [_thread_blocked, id=4304, stack(0x000000421c700000,0x000000421c800000)]
  0x000001f5bccf1160 JavaThread "JDWP Command Reader" daemon [_thread_in_native, id=13424, stack(0x000000421c800000,0x000000421c900000)]
  0x000001f5bc05be10 JavaThread "Notification Thread" daemon [_thread_blocked, id=7736, stack(0x000000421c900000,0x000000421ca00000)]

Other Threads:
  0x000001f5bc0331d0 VMThread "VM Thread" [stack: 0x000000421ba00000,0x000000421bb00000] [id=13924]
  0x000001f5a89e9350 GCTaskThread "GC Thread#0" [stack: 0x000000421b500000,0x000000421b600000] [id=5708]
  0x000001f5a89fa0d0 ConcurrentGCThread "G1 Main Marker" [stack: 0x000000421b600000,0x000000421b700000] [id=12684]
  0x000001f5a89fb280 ConcurrentGCThread "G1 Conc#0" [stack: 0x000000421b700000,0x000000421b800000] [id=11684]
  0x000001f5a8a51c50 ConcurrentGCThread "G1 Refine#0" [stack: 0x000000421b800000,0x000000421b900000] [id=7712]
  0x000001f5a8a52670 ConcurrentGCThread "G1 Service" [stack: 0x000000421b900000,0x000000421ba00000] [id=4296]

Threads with active compile tasks:

VM state: not at safepoint (normal execution)

VM Mutex/Monitor currently owned by a thread:  ([mutex/lock_event])
[0x000001f5a8989a20] CDSClassFileStream_lock - owner thread: 0x000001f5bc054d50

Heap address: 0x0000000080e00000, size: 2034 MB, Compressed Oops mode: 32-bit

CDS archive(s) mapped at: [0x0000000800000000-0x0000000800bc0000-0x0000000800bc0000), size 12320768, SharedBaseAddress: 0x0000000800000000, ArchiveRelocationMode: 0.
Compressed class space mapped at: 0x0000000800c00000-0x0000000840c00000, reserved size: 1073741824
Narrow klass base: 0x0000000800000000, Narrow klass shift: 0, Narrow klass range: 0x100000000

GC Precious Log:
 CPUs: 4 total, 4 available
 Memory: 8134M
 Large Page Support: Disabled
 NUMA Support: Disabled
 Compressed Oops: Enabled (32-bit)
 Heap Region Size: 1M
 Heap Min Capacity: 8M
 Heap Initial Capacity: 128M
 Heap Max Capacity: 2034M
 Pre-touch: Disabled
 Parallel Workers: 4
 Concurrent Workers: 1
 Concurrent Refinement Workers: 4
 Periodic GC: Disabled

Heap:
 garbage-first heap   total 131072K, used 2048K [0x0000000080e00000, 0x0000000100000000)
  region size 1024K, 3 young (3072K), 0 survivors (0K)
 Metaspace       used 364K, committed 576K, reserved 1056768K
  class space    used 24K, committed 128K, reserved 1048576K

Heap Regions: E=young(eden), S=young(survivor), O=old, HS=humongous(starts), HC=humongous(continues), CS=collection set, F=free, OA=open archive, CA=closed archive, TAMS=top-at-mark-start (previous, next)
|   0|0x0000000080e00000, 0x0000000080e00000, 0x0000000080f00000|  0%| F|  |TAMS 0x0000000080e00000, 0x0000000080e00000| Untracked 
|   1|0x0000000080f00000, 0x0000000080f00000, 0x0000000081000000|  0%| F|  |TAMS 0x0000000080f00000, 0x0000000080f00000| Untracked 
|   2|0x0000000081000000, 0x0000000081000000, 0x0000000081100000|  0%| F|  |TAMS 0x0000000081000000, 0x0000000081000000| Untracked 
|   3|0x0000000081100000, 0x0000000081100000, 0x0000000081200000|  0%| F|  |TAMS 0x0000000081100000, 0x0000000081100000| Untracked 
|   4|0x0000000081200000, 0x0000000081200000, 0x0000000081300000|  0%| F|  |TAMS 0x0000000081200000, 0x0000000081200000| Untracked 
|   5|0x0000000081300000, 0x0000000081300000, 0x0000000081400000|  0%| F|  |TAMS 0x0000000081300000, 0x0000000081300000| Untracked 
|   6|0x0000000081400000, 0x0000000081400000, 0x0000000081500000|  0%| F|  |TAMS 0x0000000081400000, 0x0000000081400000| Untracked 
|   7|0x0000000081500000, 0x0000000081500000, 0x0000000081600000|  0%| F|  |TAMS 0x0000000081500000, 0x0000000081500000| Untracked 
|   8|0x0000000081600000, 0x0000000081600000, 0x0000000081700000|  0%| F|  |TAMS 0x0000000081600000, 0x0000000081600000| Untracked 
|   9|0x0000000081700000, 0x0000000081700000, 0x0000000081800000|  0%| F|  |TAMS 0x0000000081700000, 0x0000000081700000| Untracked 
|  10|0x0000000081800000, 0x0000000081800000, 0x0000000081900000|  0%| F|  |TAMS 0x0000000081800000, 0x0000000081800000| Untracked 
|  11|0x0000000081900000, 0x0000000081900000, 0x0000000081a00000|  0%| F|  |TAMS 0x0000000081900000, 0x0000000081900000| Untracked 
|  12|0x0000000081a00000, 0x0000000081a00000, 0x0000000081b00000|  0%| F|  |TAMS 0x0000000081a00000, 0x0000000081a00000| Untracked 
|  13|0x0000000081b00000, 0x0000000081b00000, 0x0000000081c00000|  0%| F|  |TAMS 0x0000000081b00000, 0x0000000081b00000| Untracked 
|  14|0x0000000081c00000, 0x0000000081c00000, 0x0000000081d00000|  0%| F|  |TAMS 0x0000000081c00000, 0x0000000081c00000| Untracked 
|  15|0x0000000081d00000, 0x0000000081d00000, 0x0000000081e00000|  0%| F|  |TAMS 0x0000000081d00000, 0x0000000081d00000| Untracked 
|  16|0x0000000081e00000, 0x0000000081e00000, 0x0000000081f00000|  0%| F|  |TAMS 0x0000000081e00000, 0x0000000081e00000| Untracked 
|  17|0x0000000081f00000, 0x0000000081f00000, 0x0000000082000000|  0%| F|  |TAMS 0x0000000081f00000, 0x0000000081f00000| Untracked 
|  18|0x0000000082000000, 0x0000000082000000, 0x0000000082100000|  0%| F|  |TAMS 0x0000000082000000, 0x0000000082000000| Untracked 
|  19|0x0000000082100000, 0x0000000082100000, 0x0000000082200000|  0%| F|  |TAMS 0x0000000082100000, 0x0000000082100000| Untracked 
|  20|0x0000000082200000, 0x0000000082200000, 0x0000000082300000|  0%| F|  |TAMS 0x0000000082200000, 0x0000000082200000| Untracked 
|  21|0x0000000082300000, 0x0000000082300000, 0x0000000082400000|  0%| F|  |TAMS 0x0000000082300000, 0x0000000082300000| Untracked 
|  22|0x0000000082400000, 0x0000000082400000, 0x0000000082500000|  0%| F|  |TAMS 0x0000000082400000, 0x0000000082400000| Untracked 
|  23|0x0000000082500000, 0x0000000082500000, 0x0000000082600000|  0%| F|  |TAMS 0x0000000082500000, 0x0000000082500000| Untracked 
|  24|0x0000000082600000, 0x0000000082600000, 0x0000000082700000|  0%| F|  |TAMS 0x0000000082600000, 0x0000000082600000| Untracked 
|  25|0x0000000082700000, 0x0000000082700000, 0x0000000082800000|  0%| F|  |TAMS 0x0000000082700000, 0x0000000082700000| Untracked 
|  26|0x0000000082800000, 0x0000000082800000, 0x0000000082900000|  0%| F|  |TAMS 0x0000000082800000, 0x0000000082800000| Untracked 
|  27|0x0000000082900000, 0x0000000082900000, 0x0000000082a00000|  0%| F|  |TAMS 0x0000000082900000, 0x0000000082900000| Untracked 
|  28|0x0000000082a00000, 0x0000000082a00000, 0x0000000082b00000|  0%| F|  |TAMS 0x0000000082a00000, 0x0000000082a00000| Untracked 
|  29|0x0000000082b00000, 0x0000000082b00000, 0x0000000082c00000|  0%| F|  |TAMS 0x0000000082b00000, 0x0000000082b00000| Untracked 
|  30|0x0000000082c00000, 0x0000000082c00000, 0x0000000082d00000|  0%| F|  |TAMS 0x0000000082c00000, 0x0000000082c00000| Untracked 
|  31|0x0000000082d00000, 0x0000000082d00000, 0x0000000082e00000|  0%| F|  |TAMS 0x0000000082d00000, 0x0000000082d00000| Untracked 
|  32|0x0000000082e00000, 0x0000000082e00000, 0x0000000082f00000|  0%| F|  |TAMS 0x0000000082e00000, 0x0000000082e00000| Untracked 
|  33|0x0000000082f00000, 0x0000000082f00000, 0x0000000083000000|  0%| F|  |TAMS 0x0000000082f00000, 0x0000000082f00000| Untracked 
|  34|0x0000000083000000, 0x0000000083000000, 0x0000000083100000|  0%| F|  |TAMS 0x0000000083000000, 0x0000000083000000| Untracked 
|  35|0x0000000083100000, 0x0000000083100000, 0x0000000083200000|  0%| F|  |TAMS 0x0000000083100000, 0x0000000083100000| Untracked 
|  36|0x0000000083200000, 0x0000000083200000, 0x0000000083300000|  0%| F|  |TAMS 0x0000000083200000, 0x0000000083200000| Untracked 
|  37|0x0000000083300000, 0x0000000083300000, 0x0000000083400000|  0%| F|  |TAMS 0x0000000083300000, 0x0000000083300000| Untracked 
|  38|0x0000000083400000, 0x0000000083400000, 0x0000000083500000|  0%| F|  |TAMS 0x0000000083400000, 0x0000000083400000| Untracked 
|  39|0x0000000083500000, 0x0000000083500000, 0x0000000083600000|  0%| F|  |TAMS 0x0000000083500000, 0x0000000083500000| Untracked 
|  40|0x0000000083600000, 0x0000000083600000, 0x0000000083700000|  0%| F|  |TAMS 0x0000000083600000, 0x0000000083600000| Untracked 
|  41|0x0000000083700000, 0x0000000083700000, 0x0000000083800000|  0%| F|  |TAMS 0x0000000083700000, 0x0000000083700000| Untracked 
|  42|0x0000000083800000, 0x0000000083800000, 0x0000000083900000|  0%| F|  |TAMS 0x0000000083800000, 0x0000000083800000| Untracked 
|  43|0x0000000083900000, 0x0000000083900000, 0x0000000083a00000|  0%| F|  |TAMS 0x0000000083900000, 0x0000000083900000| Untracked 
|  44|0x0000000083a00000, 0x0000000083a00000, 0x0000000083b00000|  0%| F|  |TAMS 0x0000000083a00000, 0x0000000083a00000| Untracked 
|  45|0x0000000083b00000, 0x0000000083b00000, 0x0000000083c00000|  0%| F|  |TAMS 0x0000000083b00000, 0x0000000083b00000| Untracked 
|  46|0x0000000083c00000, 0x0000000083c00000, 0x0000000083d00000|  0%| F|  |TAMS 0x0000000083c00000, 0x0000000083c00000| Untracked 
|  47|0x0000000083d00000, 0x0000000083d00000, 0x0000000083e00000|  0%| F|  |TAMS 0x0000000083d00000, 0x0000000083d00000| Untracked 
|  48|0x0000000083e00000, 0x0000000083e00000, 0x0000000083f00000|  0%| F|  |TAMS 0x0000000083e00000, 0x0000000083e00000| Untracked 
|  49|0x0000000083f00000, 0x0000000083f00000, 0x0000000084000000|  0%| F|  |TAMS 0x0000000083f00000, 0x0000000083f00000| Untracked 
|  50|0x0000000084000000, 0x0000000084000000, 0x0000000084100000|  0%| F|  |TAMS 0x0000000084000000, 0x0000000084000000| Untracked 
|  51|0x0000000084100000, 0x0000000084100000, 0x0000000084200000|  0%| F|  |TAMS 0x0000000084100000, 0x0000000084100000| Untracked 
|  52|0x0000000084200000, 0x0000000084200000, 0x0000000084300000|  0%| F|  |TAMS 0x0000000084200000, 0x0000000084200000| Untracked 
|  53|0x0000000084300000, 0x0000000084300000, 0x0000000084400000|  0%| F|  |TAMS 0x0000000084300000, 0x0000000084300000| Untracked 
|  54|0x0000000084400000, 0x0000000084400000, 0x0000000084500000|  0%| F|  |TAMS 0x0000000084400000, 0x0000000084400000| Untracked 
|  55|0x0000000084500000, 0x0000000084500000, 0x0000000084600000|  0%| F|  |TAMS 0x0000000084500000, 0x0000000084500000| Untracked 
|  56|0x0000000084600000, 0x0000000084600000, 0x0000000084700000|  0%| F|  |TAMS 0x0000000084600000, 0x0000000084600000| Untracked 
|  57|0x0000000084700000, 0x0000000084700000, 0x0000000084800000|  0%| F|  |TAMS 0x0000000084700000, 0x0000000084700000| Untracked 
|  58|0x0000000084800000, 0x0000000084800000, 0x0000000084900000|  0%| F|  |TAMS 0x0000000084800000, 0x0000000084800000| Untracked 
|  59|0x0000000084900000, 0x0000000084900000, 0x0000000084a00000|  0%| F|  |TAMS 0x0000000084900000, 0x0000000084900000| Untracked 
|  60|0x0000000084a00000, 0x0000000084a00000, 0x0000000084b00000|  0%| F|  |TAMS 0x0000000084a00000, 0x0000000084a00000| Untracked 
|  61|0x0000000084b00000, 0x0000000084b00000, 0x0000000084c00000|  0%| F|  |TAMS 0x0000000084b00000, 0x0000000084b00000| Untracked 
|  62|0x0000000084c00000, 0x0000000084c00000, 0x0000000084d00000|  0%| F|  |TAMS 0x0000000084c00000, 0x0000000084c00000| Untracked 
|  63|0x0000000084d00000, 0x0000000084d00000, 0x0000000084e00000|  0%| F|  |TAMS 0x0000000084d00000, 0x0000000084d00000| Untracked 
|  64|0x0000000084e00000, 0x0000000084e00000, 0x0000000084f00000|  0%| F|  |TAMS 0x0000000084e00000, 0x0000000084e00000| Untracked 
|  65|0x0000000084f00000, 0x0000000084f00000, 0x0000000085000000|  0%| F|  |TAMS 0x0000000084f00000, 0x0000000084f00000| Untracked 
|  66|0x0000000085000000, 0x0000000085000000, 0x0000000085100000|  0%| F|  |TAMS 0x0000000085000000, 0x0000000085000000| Untracked 
|  67|0x0000000085100000, 0x0000000085100000, 0x0000000085200000|  0%| F|  |TAMS 0x0000000085100000, 0x0000000085100000| Untracked 
|  68|0x0000000085200000, 0x0000000085200000, 0x0000000085300000|  0%| F|  |TAMS 0x0000000085200000, 0x0000000085200000| Untracked 
|  69|0x0000000085300000, 0x0000000085300000, 0x0000000085400000|  0%| F|  |TAMS 0x0000000085300000, 0x0000000085300000| Untracked 
|  70|0x0000000085400000, 0x0000000085400000, 0x0000000085500000|  0%| F|  |TAMS 0x0000000085400000, 0x0000000085400000| Untracked 
|  71|0x0000000085500000, 0x0000000085500000, 0x0000000085600000|  0%| F|  |TAMS 0x0000000085500000, 0x0000000085500000| Untracked 
|  72|0x0000000085600000, 0x0000000085600000, 0x0000000085700000|  0%| F|  |TAMS 0x0000000085600000, 0x0000000085600000| Untracked 
|  73|0x0000000085700000, 0x0000000085700000, 0x0000000085800000|  0%| F|  |TAMS 0x0000000085700000, 0x0000000085700000| Untracked 
|  74|0x0000000085800000, 0x0000000085800000, 0x0000000085900000|  0%| F|  |TAMS 0x0000000085800000, 0x0000000085800000| Untracked 
|  75|0x0000000085900000, 0x0000000085900000, 0x0000000085a00000|  0%| F|  |TAMS 0x0000000085900000, 0x0000000085900000| Untracked 
|  76|0x0000000085a00000, 0x0000000085a00000, 0x0000000085b00000|  0%| F|  |TAMS 0x0000000085a00000, 0x0000000085a00000| Untracked 
|  77|0x0000000085b00000, 0x0000000085b00000, 0x0000000085c00000|  0%| F|  |TAMS 0x0000000085b00000, 0x0000000085b00000| Untracked 
|  78|0x0000000085c00000, 0x0000000085c00000, 0x0000000085d00000|  0%| F|  |TAMS 0x0000000085c00000, 0x0000000085c00000| Untracked 
|  79|0x0000000085d00000, 0x0000000085d00000, 0x0000000085e00000|  0%| F|  |TAMS 0x0000000085d00000, 0x0000000085d00000| Untracked 
|  80|0x0000000085e00000, 0x0000000085e00000, 0x0000000085f00000|  0%| F|  |TAMS 0x0000000085e00000, 0x0000000085e00000| Untracked 
|  81|0x0000000085f00000, 0x0000000085f00000, 0x0000000086000000|  0%| F|  |TAMS 0x0000000085f00000, 0x0000000085f00000| Untracked 
|  82|0x0000000086000000, 0x0000000086000000, 0x0000000086100000|  0%| F|  |TAMS 0x0000000086000000, 0x0000000086000000| Untracked 
|  83|0x0000000086100000, 0x0000000086100000, 0x0000000086200000|  0%| F|  |TAMS 0x0000000086100000, 0x0000000086100000| Untracked 
|  84|0x0000000086200000, 0x0000000086200000, 0x0000000086300000|  0%| F|  |TAMS 0x0000000086200000, 0x0000000086200000| Untracked 
|  85|0x0000000086300000, 0x0000000086300000, 0x0000000086400000|  0%| F|  |TAMS 0x0000000086300000, 0x0000000086300000| Untracked 
|  86|0x0000000086400000, 0x0000000086400000, 0x0000000086500000|  0%| F|  |TAMS 0x0000000086400000, 0x0000000086400000| Untracked 
|  87|0x0000000086500000, 0x0000000086500000, 0x0000000086600000|  0%| F|  |TAMS 0x0000000086500000, 0x0000000086500000| Untracked 
|  88|0x0000000086600000, 0x0000000086600000, 0x0000000086700000|  0%| F|  |TAMS 0x0000000086600000, 0x0000000086600000| Untracked 
|  89|0x0000000086700000, 0x0000000086700000, 0x0000000086800000|  0%| F|  |TAMS 0x0000000086700000, 0x0000000086700000| Untracked 
|  90|0x0000000086800000, 0x0000000086800000, 0x0000000086900000|  0%| F|  |TAMS 0x0000000086800000, 0x0000000086800000| Untracked 
|  91|0x0000000086900000, 0x0000000086900000, 0x0000000086a00000|  0%| F|  |TAMS 0x0000000086900000, 0x0000000086900000| Untracked 
|  92|0x0000000086a00000, 0x0000000086a00000, 0x0000000086b00000|  0%| F|  |TAMS 0x0000000086a00000, 0x0000000086a00000| Untracked 
|  93|0x0000000086b00000, 0x0000000086b00000, 0x0000000086c00000|  0%| F|  |TAMS 0x0000000086b00000, 0x0000000086b00000| Untracked 
|  94|0x0000000086c00000, 0x0000000086c00000, 0x0000000086d00000|  0%| F|  |TAMS 0x0000000086c00000, 0x0000000086c00000| Untracked 
|  95|0x0000000086d00000, 0x0000000086d00000, 0x0000000086e00000|  0%| F|  |TAMS 0x0000000086d00000, 0x0000000086d00000| Untracked 
|  96|0x0000000086e00000, 0x0000000086e00000, 0x0000000086f00000|  0%| F|  |TAMS 0x0000000086e00000, 0x0000000086e00000| Untracked 
|  97|0x0000000086f00000, 0x0000000086f00000, 0x0000000087000000|  0%| F|  |TAMS 0x0000000086f00000, 0x0000000086f00000| Untracked 
|  98|0x0000000087000000, 0x0000000087000000, 0x0000000087100000|  0%| F|  |TAMS 0x0000000087000000, 0x0000000087000000| Untracked 
|  99|0x0000000087100000, 0x0000000087100000, 0x0000000087200000|  0%| F|  |TAMS 0x0000000087100000, 0x0000000087100000| Untracked 
| 100|0x0000000087200000, 0x0000000087200000, 0x0000000087300000|  0%| F|  |TAMS 0x0000000087200000, 0x0000000087200000| Untracked 
| 101|0x0000000087300000, 0x0000000087300000, 0x0000000087400000|  0%| F|  |TAMS 0x0000000087300000, 0x0000000087300000| Untracked 
| 102|0x0000000087400000, 0x0000000087400000, 0x0000000087500000|  0%| F|  |TAMS 0x0000000087400000, 0x0000000087400000| Untracked 
| 103|0x0000000087500000, 0x0000000087500000, 0x0000000087600000|  0%| F|  |TAMS 0x0000000087500000, 0x0000000087500000| Untracked 
| 104|0x0000000087600000, 0x0000000087600000, 0x0000000087700000|  0%| F|  |TAMS 0x0000000087600000, 0x0000000087600000| Untracked 
| 105|0x0000000087700000, 0x0000000087700000, 0x0000000087800000|  0%| F|  |TAMS 0x0000000087700000, 0x0000000087700000| Untracked 
| 106|0x0000000087800000, 0x0000000087800000, 0x0000000087900000|  0%| F|  |TAMS 0x0000000087800000, 0x0000000087800000| Untracked 
| 107|0x0000000087900000, 0x0000000087900000, 0x0000000087a00000|  0%| F|  |TAMS 0x0000000087900000, 0x0000000087900000| Untracked 
| 108|0x0000000087a00000, 0x0000000087a00000, 0x0000000087b00000|  0%| F|  |TAMS 0x0000000087a00000, 0x0000000087a00000| Untracked 
| 109|0x0000000087b00000, 0x0000000087b00000, 0x0000000087c00000|  0%| F|  |TAMS 0x0000000087b00000, 0x0000000087b00000| Untracked 
| 110|0x0000000087c00000, 0x0000000087c00000, 0x0000000087d00000|  0%| F|  |TAMS 0x0000000087c00000, 0x0000000087c00000| Untracked 
| 111|0x0000000087d00000, 0x0000000087d00000, 0x0000000087e00000|  0%| F|  |TAMS 0x0000000087d00000, 0x0000000087d00000| Untracked 
| 112|0x0000000087e00000, 0x0000000087e00000, 0x0000000087f00000|  0%| F|  |TAMS 0x0000000087e00000, 0x0000000087e00000| Untracked 
| 113|0x0000000087f00000, 0x0000000087f00000, 0x0000000088000000|  0%| F|  |TAMS 0x0000000087f00000, 0x0000000087f00000| Untracked 
| 114|0x0000000088000000, 0x0000000088000000, 0x0000000088100000|  0%| F|  |TAMS 0x0000000088000000, 0x0000000088000000| Untracked 
| 115|0x0000000088100000, 0x0000000088100000, 0x0000000088200000|  0%| F|  |TAMS 0x0000000088100000, 0x0000000088100000| Untracked 
| 116|0x0000000088200000, 0x0000000088200000, 0x0000000088300000|  0%| F|  |TAMS 0x0000000088200000, 0x0000000088200000| Untracked 
| 117|0x0000000088300000, 0x0000000088300000, 0x0000000088400000|  0%| F|  |TAMS 0x0000000088300000, 0x0000000088300000| Untracked 
| 118|0x0000000088400000, 0x0000000088400000, 0x0000000088500000|  0%| F|  |TAMS 0x0000000088400000, 0x0000000088400000| Untracked 
| 119|0x0000000088500000, 0x0000000088500000, 0x0000000088600000|  0%| F|  |TAMS 0x0000000088500000, 0x0000000088500000| Untracked 
| 120|0x0000000088600000, 0x0000000088600000, 0x0000000088700000|  0%| F|  |TAMS 0x0000000088600000, 0x0000000088600000| Untracked 
| 121|0x0000000088700000, 0x0000000088700000, 0x0000000088800000|  0%| F|  |TAMS 0x0000000088700000, 0x0000000088700000| Untracked 
| 122|0x0000000088800000, 0x0000000088800000, 0x0000000088900000|  0%| F|  |TAMS 0x0000000088800000, 0x0000000088800000| Untracked 
| 123|0x0000000088900000, 0x0000000088900000, 0x0000000088a00000|  0%| F|  |TAMS 0x0000000088900000, 0x0000000088900000| Untracked 
| 124|0x0000000088a00000, 0x0000000088a00000, 0x0000000088b00000|  0%| F|  |TAMS 0x0000000088a00000, 0x0000000088a00000| Untracked 
| 125|0x0000000088b00000, 0x0000000088c00000, 0x0000000088c00000|100%| E|  |TAMS 0x0000000088b00000, 0x0000000088b00000| Complete 
| 126|0x0000000088c00000, 0x0000000088d00000, 0x0000000088d00000|100%| E|CS|TAMS 0x0000000088c00000, 0x0000000088c00000| Complete 
| 127|0x0000000088d00000, 0x0000000088e00000, 0x0000000088e00000|100%| E|CS|TAMS 0x0000000088d00000, 0x0000000088d00000| Complete 

Card table byte_map: [0x000001f5b52b0000,0x000001f5b56b0000] _byte_map_base: 0x000001f5b4ea9000

Marking Bits (Prev, Next): (CMBitMap*) 0x000001f5a89e9960, (CMBitMap*) 0x000001f5a89e99a0
 Prev Bits: [0x000001f5b5ab0000, 0x000001f5b7a78000)
 Next Bits: [0x000001f5b7a80000, 0x000001f5b9a48000)

Polling page: 0x000001f5a8a60000

Metaspace:

Usage:
  Non-class:    352.59 KB used.
      Class:     25.45 KB used.
       Both:    378.04 KB used.

Virtual space:
  Non-class space:        8.00 MB reserved,     448.00 KB (  5%) committed,  1 nodes.
      Class space:        1.00 GB reserved,     128.00 KB ( <1%) committed,  1 nodes.
             Both:        1.01 GB reserved,     576.00 KB ( <1%) committed. 

Chunk freelists:
   Non-Class:  4.00 MB
       Class:  3.75 MB
        Both:  7.75 MB

MaxMetaspaceSize: unlimited
CompressedClassSpaceSize: 1.00 GB
Initial GC threshold: 21.00 MB
Current GC threshold: 21.00 MB
CDS: on
MetaspaceReclaimPolicy: balanced
 - commit_granule_bytes: 65536.
 - commit_granule_words: 8192.
 - virtual_space_node_default_size: 1048576.
 - enlarge_chunks_in_place: 1.
 - new_chunks_are_fully_committed: 0.
 - uncommit_free_chunks: 1.
 - use_allocation_guard: 0.
 - handle_deallocations: 1.


Internal statistics:

num_allocs_failed_limit: 0.
num_arena_births: 4.
num_arena_deaths: 0.
num_vsnodes_births: 2.
num_vsnodes_deaths: 0.
num_space_committed: 9.
num_space_uncommitted: 0.
num_chunks_returned_to_freelist: 0.
num_chunks_taken_from_freelist: 5.
num_chunk_merges: 0.
num_chunk_splits: 2.
num_chunks_enlarged: 1.
num_purges: 0.
num_inconsistent_stats: 0.

CodeCache: size=49152Kb used=2479Kb max_used=2479Kb free=46672Kb
 bounds [0x000001f5b1a10000, 0x000001f5b1c80000, 0x000001f5b4a10000]
 total_blobs=542 nmethods=201 adapters=267
 compilation: enabled
              stopped_count=0, restarted_count=0
 full_count=0

Compilation events (20 events):
Event: 2.311 Thread 0x000001f5bcc94e70  172       1       java.net.URL::getFile (5 bytes)
Event: 2.311 Thread 0x000001f5bcc94960  173       1       java.net.URL::getRef (5 bytes)
Event: 2.311 Thread 0x000001f5bcc94e70 nmethod 172 0x000001f5b1c6f510 code [0x000001f5b1c6f6a0, 0x000001f5b1c6f778]
Event: 2.311 Thread 0x000001f5bcc94960 nmethod 173 0x000001f5b1c6f810 code [0x000001f5b1c6f9a0, 0x000001f5b1c6fa78]
Event: 2.311 Thread 0x000001f5bcc94e70  174       1       java.net.URL::getProtocol (5 bytes)
Event: 2.311 Thread 0x000001f5bcc94e70 nmethod 174 0x000001f5b1c6fb10 code [0x000001f5b1c6fca0, 0x000001f5b1c6fd78]
Event: 2.354 Thread 0x000001f5bcc94e70  175       1       java.lang.Class::getClassLoader (28 bytes)
Event: 2.355 Thread 0x000001f5bcc94e70 nmethod 175 0x000001f5b1c70710 code [0x000001f5b1c708e0, 0x000001f5b1c70c18]
Event: 2.362 Thread 0x000001f5bc083670  176       1       java.lang.Class::getName (18 bytes)
Event: 2.362 Thread 0x000001f5bc083670 nmethod 176 0x000001f5b1c70e10 code [0x000001f5b1c70fa0, 0x000001f5b1c710a8]
Event: 2.362 Thread 0x000001f5bcc94960  177       1       java.lang.StringLatin1::replace (198 bytes)
Event: 2.363 Thread 0x000001f5bcc94960 nmethod 177 0x000001f5b1c71110 code [0x000001f5b1c71300, 0x000001f5b1c718e8]
Event: 2.363 Thread 0x000001f5bcc94e70  178       1       jdk.internal.misc.Unsafe::allocateUninitializedArray (55 bytes)
Event: 2.363 Thread 0x000001f5bcc94e70 nmethod 178 0x000001f5b1c71c90 code [0x000001f5b1c71e80, 0x000001f5b1c721b8]
Event: 2.363 Thread 0x000001f5bc083670  179       1       jdk.internal.misc.Unsafe::allocateUninitializedArray0 (90 bytes)
Event: 2.364 Thread 0x000001f5bc083670 nmethod 179 0x000001f5b1c72390 code [0x000001f5b1c72580, 0x000001f5b1c72d38]
Event: 2.364 Thread 0x000001f5bcc94960  180       1       java.lang.String::replace (42 bytes)
Event: 2.364 Thread 0x000001f5bcc94960 nmethod 180 0x000001f5b1c72e90 code [0x000001f5b1c73040, 0x000001f5b1c731d8]
Event: 2.365 Thread 0x000001f5bcc94e70  182       1       org.jetbrains.capture.org.objectweb.asm.Type::getInternalName (12 bytes)
Event: 2.365 Thread 0x000001f5bcc94e70 nmethod 182 0x000001f5b1c73710 code [0x000001f5b1c738c0, 0x000001f5b1c739d8]

GC Heap History (0 events):
No events

Deoptimization events (0 events):
No events

Classes unloaded (0 events):
No events

Classes redefined (0 events):
No events

Internal exceptions (0 events):
No events

VM Operations (8 events):
Event: 0.230 Executing VM operation: HandshakeAllThreads
Event: 0.230 Executing VM operation: HandshakeAllThreads done
Event: 0.355 Executing VM operation: ChangeBreakpoints
Event: 0.355 Executing VM operation: ChangeBreakpoints done
Event: 2.352 Executing VM operation: ChangeBreakpoints
Event: 2.352 Executing VM operation: ChangeBreakpoints done
Event: 2.353 Executing VM operation: ChangeBreakpoints
Event: 2.353 Executing VM operation: ChangeBreakpoints done

Events (20 events):
Event: 2.359 loading class com/intellij/rt/debugger/agent/CaptureAgent$1
Event: 2.359 loading class com/intellij/rt/debugger/agent/CaptureAgent$1 done
Event: 2.359 loading class com/intellij/rt/debugger/agent/CaptureAgent$InstrumentPoint
Event: 2.359 loading class com/intellij/rt/debugger/agent/CaptureAgent$InstrumentPoint done
Event: 2.360 loading class com/intellij/rt/debugger/agent/CaptureAgent$FieldKeyProvider
Event: 2.360 loading class com/intellij/rt/debugger/agent/CaptureAgent$FieldKeyProvider done
Event: 2.361 loading class org/jetbrains/capture/org/objectweb/asm/Type
Event: 2.361 loading class org/jetbrains/capture/org/objectweb/asm/Type done
Event: 2.375 loading class com/intellij/rt/debugger/agent/CaptureAgent$CaptureTransformer
Event: 2.399 loading class java/lang/instrument/ClassFileTransformer
Event: 2.399 loading class java/lang/instrument/ClassFileTransformer done
Event: 2.399 loading class com/intellij/rt/debugger/agent/CaptureAgent$CaptureTransformer done
Event: 2.400 loading class com/intellij/rt/debugger/agent/CaptureStorage
Event: 2.400 loading class com/intellij/rt/debugger/agent/CaptureStorage done
Event: 2.400 loading class com/intellij/rt/debugger/agent/CaptureStorage$1
Event: 2.401 loading class com/intellij/rt/debugger/agent/CaptureStorage$1 done
Event: 2.401 loading class com/intellij/rt/debugger/agent/CollectionBreakpointInstrumentor
Event: 2.402 loading class com/intellij/rt/debugger/agent/CollectionBreakpointInstrumentor done
Event: 2.402 loading class com/intellij/rt/debugger/agent/CollectionBreakpointInstrumentor$ConcurrentIdentityHashMap
Event: 2.402 loading class com/intellij/rt/debugger/agent/CollectionBreakpointInstrumentor$ConcurrentIdentityHashMap done


Dynamic libraries:
0x00007ff6131a0000 - 0x00007ff6131b0000 	C:\Program Files\Java\jdk-17.0.4.1\bin\java.exe
0x00007ffb16af0000 - 0x00007ffb16ce8000 	C:\WINDOWS\SYSTEM32\ntdll.dll
0x00007ffb15690000 - 0x00007ffb1574f000 	C:\WINDOWS\System32\KERNEL32.DLL
0x00007ffb141f0000 - 0x00007ffb144c2000 	C:\WINDOWS\System32\KERNELBASE.dll
0x00007ffb14700000 - 0x00007ffb14800000 	C:\WINDOWS\System32\ucrtbase.dll
0x00007ffaf0530000 - 0x00007ffaf0548000 	C:\Program Files\Java\jdk-17.0.4.1\bin\jli.dll
0x00007ffaf0aa0000 - 0x00007ffaf0aba000 	C:\Program Files\Java\jdk-17.0.4.1\bin\VCRUNTIME140.dll
0x00007ffb15110000 - 0x00007ffb151be000 	C:\WINDOWS\System32\ADVAPI32.dll
0x00007ffb14b40000 - 0x00007ffb14bde000 	C:\WINDOWS\System32\msvcrt.dll
0x00007ffb16130000 - 0x00007ffb161cc000 	C:\WINDOWS\System32\sechost.dll
0x00007ffb152d0000 - 0x00007ffb153f5000 	C:\WINDOWS\System32\RPCRT4.dll
0x00007ffb15df0000 - 0x00007ffb15f8d000 	C:\WINDOWS\System32\USER32.dll
0x00007ffb078c0000 - 0x00007ffb07b5a000 	C:\WINDOWS\WinSxS\amd64_microsoft.windows.common-controls_6595b64144ccf1df_6.0.19041.1110_none_60b5254171f9507e\COMCTL32.dll
0x00007ffb14580000 - 0x00007ffb145a2000 	C:\WINDOWS\System32\win32u.dll
0x00007ffb14be0000 - 0x00007ffb14c0b000 	C:\WINDOWS\System32\GDI32.dll
0x00007ffb14a30000 - 0x00007ffb14b3f000 	C:\WINDOWS\System32\gdi32full.dll
0x00007ffb14830000 - 0x00007ffb148cd000 	C:\WINDOWS\System32\msvcp_win.dll
0x00007ffb0ef80000 - 0x00007ffb0ef8a000 	C:\WINDOWS\SYSTEM32\VERSION.dll
0x00007ffb14c10000 - 0x00007ffb14c42000 	C:\WINDOWS\System32\IMM32.DLL
0x00007ffaf5e10000 - 0x00007ffaf5e1c000 	C:\Program Files\Java\jdk-17.0.4.1\bin\vcruntime140_1.dll
0x00007ffae3760000 - 0x00007ffae37ed000 	C:\Program Files\Java\jdk-17.0.4.1\bin\msvcp140.dll
0x00007ffadef10000 - 0x00007ffadfad2000 	C:\Program Files\Java\jdk-17.0.4.1\bin\server\jvm.dll
0x00007ffb15f90000 - 0x00007ffb15f98000 	C:\WINDOWS\System32\PSAPI.DLL
0x00007ffb01fc0000 - 0x00007ffb01fc9000 	C:\WINDOWS\SYSTEM32\WSOCK32.dll
0x00007ffb0a010000 - 0x00007ffb0a037000 	C:\WINDOWS\SYSTEM32\WINMM.dll
0x00007ffb16a40000 - 0x00007ffb16aab000 	C:\WINDOWS\System32\WS2_32.dll
0x00007ffb11ff0000 - 0x00007ffb12002000 	C:\WINDOWS\SYSTEM32\kernel.appcore.dll
0x00007ffaf5b40000 - 0x00007ffaf5b4a000 	C:\Program Files\Java\jdk-17.0.4.1\bin\jimage.dll
0x00007ffb056d0000 - 0x00007ffb058b4000 	C:\WINDOWS\SYSTEM32\DBGHELP.DLL
0x00007ffb05440000 - 0x00007ffb0546c000 	C:\WINDOWS\SYSTEM32\dbgcore.DLL
0x00007ffb14620000 - 0x00007ffb146a2000 	C:\WINDOWS\System32\bcryptPrimitives.dll
0x00007ffaf3580000 - 0x00007ffaf35bb000 	C:\Program Files\Java\jdk-17.0.4.1\bin\jdwp.dll
0x00007ffb07130000 - 0x00007ffb0713e000 	C:\Program Files\Java\jdk-17.0.4.1\bin\instrument.dll
0x00007ffaef3a0000 - 0x00007ffaef3c5000 	C:\Program Files\Java\jdk-17.0.4.1\bin\java.dll
0x00007ffaecb60000 - 0x00007ffaecb78000 	C:\Program Files\Java\jdk-17.0.4.1\bin\zip.dll
0x00007ffae21b0000 - 0x00007ffae2286000 	C:\Program Files\Java\jdk-17.0.4.1\bin\jsvml.dll
0x00007ffb161d0000 - 0x00007ffb16913000 	C:\WINDOWS\System32\SHELL32.dll
0x00007ffb122d0000 - 0x00007ffb12a62000 	C:\WINDOWS\SYSTEM32\windows.storage.dll
0x00007ffb14db0000 - 0x00007ffb15104000 	C:\WINDOWS\System32\combase.dll
0x00007ffb13b70000 - 0x00007ffb13ba0000 	C:\WINDOWS\SYSTEM32\Wldp.dll
0x00007ffb14d00000 - 0x00007ffb14dad000 	C:\WINDOWS\System32\SHCORE.dll
0x00007ffb160d0000 - 0x00007ffb16125000 	C:\WINDOWS\System32\shlwapi.dll
0x00007ffb14130000 - 0x00007ffb1414f000 	C:\WINDOWS\SYSTEM32\profapi.dll
0x00007ffb00dc0000 - 0x00007ffb00dcc000 	C:\Program Files\Java\jdk-17.0.4.1\bin\dt_socket.dll
0x00007ffb135c0000 - 0x00007ffb135fb000 	C:\WINDOWS\SYSTEM32\IPHLPAPI.DLL
0x00007ffb138d0000 - 0x00007ffb1393a000 	C:\WINDOWS\system32\mswsock.dll

dbghelp: loaded successfully - version: 4.0.5 - missing functions: none
symbol engine: initialized successfully - sym options: 0x614 - pdb path: .;C:\Program Files\Java\jdk-17.0.4.1\bin;C:\WINDOWS\SYSTEM32;C:\WINDOWS\WinSxS\amd64_microsoft.windows.common-controls_6595b64144ccf1df_6.0.19041.1110_none_60b5254171f9507e;C:\Program Files\Java\jdk-17.0.4.1\bin\server

VM Arguments:
jvm_args: -agentlib:jdwp=transport=dt_socket,address=127.0.0.1:62373,suspend=y,server=n -XX:TieredStopAtLevel=1 -Dspring.output.ansi.enabled=always -Dcom.sun.management.jmxremote -Dspring.jmx.enabled=true -Dspring.liveBeansView.mbeanDomain -Dspring.application.admin.enabled=true -javaagent:C:\Users\NEWUSE~1\AppData\Local\Temp\captureAgent15915jars\debugger-agent.jar -Dfile.encoding=UTF-8 
java_command: com.example.springsecurityapplication.SpringSecurityApplication
java_class_path (initial): D:\1 Обучение\FULL stack разработка JAVA\SPRING\IntermediateCertification\SpringSecurityApplication 3\target\classes;C:\Users\New user\.m2\repository\org\springframework\boot\spring-boot-starter-data-jpa\2.7.5\spring-boot-starter-data-jpa-2.7.5.jar;C:\Users\New user\.m2\repository\org\springframework\boot\spring-boot-starter-aop\2.7.5\spring-boot-starter-aop-2.7.5.jar;C:\Users\New user\.m2\repository\org\aspectj\aspectjweaver\1.9.7\aspectjweaver-1.9.7.jar;C:\Users\New user\.m2\repository\org\springframework\boot\spring-boot-starter-jdbc\2.7.5\spring-boot-starter-jdbc-2.7.5.jar;C:\Users\New user\.m2\repository\com\zaxxer\HikariCP\4.0.3\HikariCP-4.0.3.jar;C:\Users\New user\.m2\repository\org\springframework\spring-jdbc\5.3.23\spring-jdbc-5.3.23.jar;C:\Users\New user\.m2\repository\jakarta\transaction\jakarta.transaction-api\1.3.3\jakarta.transaction-api-1.3.3.jar;C:\Users\New user\.m2\repository\jakarta\persistence\jakarta.persistence-api\2.2.3\jakarta.persistence-api-2.2.3.jar;C:\Users\New user\.m2\repository\org\hibernate\hibernate-core\5.6.12.Final\hibernate-core-5.6.12.Final.jar;C:\Users\New user\.m2\repository\org\jboss\logging\jboss-logging\3.4.3.Final\jboss-logging-3.4.3.Final.jar;C:\Users\New user\.m2\repository\net\bytebuddy\byte-buddy\1.12.18\byte-buddy-1.12.18.jar;C:\Users\New user\.m2\repository\antlr\antlr\2.7.7\antlr-2.7.7.jar;C:\Users\New user\.m2\repository\org\jboss\jandex\2.4.2.Final\jandex-2.4.2.Final.jar;C:\Users\New user\.m2\repository\com\fasterxml\classmate\1.5.1\classmate-1.5.1.jar;C:\Users\New user\.m2\repository\org\hibernate\common\hibernate-commons-annotations\5.1.2.Final\hibernate-commons-annotations-5.1.2.Final.jar;C:\Users\New user\.m2\repository\org\glassfish\jaxb\jaxb-runtime\2.3.7\jaxb-runtime-2.3.7.jar;C:\Users\New user\.m2\repository\org\glassfish\jaxb\txw2\2.3.7\txw2-2.3.7.jar;C:\Users\New user\.m2\repository\com\sun\istack\istack-commons-runtime\3.0.12\istack-commons-runtime-3.0.12.jar;C:\Users\New use
Launcher Type: SUN_STANDARD

[Global flags]
     intx CICompilerCount                          = 3                                         {product} {ergonomic}
     uint ConcGCThreads                            = 1                                         {product} {ergonomic}
     uint G1ConcRefinementThreads                  = 4                                         {product} {ergonomic}
   size_t G1HeapRegionSize                         = 1048576                                   {product} {ergonomic}
    uintx GCDrainStackTargetSize                   = 64                                        {product} {ergonomic}
   size_t InitialHeapSize                          = 134217728                                 {product} {ergonomic}
     bool ManagementServer                         = true                                      {product} {command line}
   size_t MarkStackSize                            = 4194304                                   {product} {ergonomic}
   size_t MaxHeapSize                              = 2132803584                                {product} {ergonomic}
   size_t MaxNewSize                               = 1279262720                                {product} {ergonomic}
   size_t MinHeapDeltaBytes                        = 1048576                                   {product} {ergonomic}
   size_t MinHeapSize                              = 8388608                                   {product} {ergonomic}
    uintx NonProfiledCodeHeapSize                  = 0                                      {pd product} {ergonomic}
     bool ProfileInterpreter                       = false                                  {pd product} {command line}
    uintx ProfiledCodeHeapSize                     = 0                                      {pd product} {ergonomic}
   size_t SoftMaxHeapSize                          = 2132803584                             {manageable} {ergonomic}
     intx TieredStopAtLevel                        = 1                                         {product} {command line}
     bool UseCompressedClassPointers               = true                           {product lp64_product} {ergonomic}
     bool UseCompressedOops                        = true                           {product lp64_product} {ergonomic}
     bool UseG1GC                                  = true                                      {product} {ergonomic}
     bool UseLargePagesIndividualAllocation        = false                                  {pd product} {ergonomic}

Logging:
Log output configuration:
 #0: stdout all=warning uptime,level,tags
 #1: stderr all=off uptime,level,tags

Environment Variables:
JAVA_HOME=C:\Program Files\Java\jdk1.8.0_202
CLASSPATH=;
PATH=C:\Program Files\Common Files\Oracle\Java\javapath;C:\Program Files\Java\jdk1.8.0_202\bin;C:\WINDOWS\system32;C:\WINDOWS;C:\WINDOWS\System32\Wbem;C:\WINDOWS\System32\WindowsPowerShell\v1.0\;C:\WINDOWS\System32\OpenSSH\;C:\Program Files\dotnet\;C:\Program Files\Git\cmd;%JAVA_HOME%\bin;C:\Program Files\nodejs\;C:\Program Files\Common Files\Microsoft Shared\Windows Live;C:\Users\New user\AppData\Local\Microsoft\WindowsApps;C:\Users\New user\.dotnet\tools;C:\Users\New user\AppData\Local\Programs\Microsoft VS Code\bin;C:\Users\New user\AppData\Roaming\npm
USERNAME=New user
OS=Windows_NT
PROCESSOR_IDENTIFIER=Intel64 Family 6 Model 42 Stepping 7, GenuineIntel



---------------  S Y S T E M  ---------------

OS:
 Windows 10 , 64 bit Build 19041 (10.0.19041.2251)
OS uptime: 0 days 5:05 hours

CPU: total 4 (initial active 4) (4 cores per cpu, 1 threads per core) family 6 model 42 stepping 7 microcode 0x2f, cx8, cmov, fxsr, mmx, sse, sse2, sse3, ssse3, sse4.1, sse4.2, popcnt, tsc, tscinvbit, avx, aes, clmul, vzeroupper, clflush

Memory: 4k page, system-wide physical 8134M (1745M free)
TotalPageFile size 16326M (AvailPageFile size 6551M)
current process WorkingSet (physical memory assigned to process): 31M, peak: 31M
current process commit charge ("private bytes"): 197M, peak: 197M

vm_info: Java HotSpot(TM) 64-Bit Server VM (17.0.4.1+1-LTS-2) for windows-amd64 JRE (17.0.4.1+1-LTS-2), built on Aug 16 2022 18:32:06 by "mach5one" with MS VC++ 16.8 / 16.9 (VS2019)

END.
